[0.150s] DEBUG:colcon:Command line arguments: ['/usr/bin/colcon', 'build', '--symlink-install', '--merge-install', '--cmake-args', '-DCMAKE_BUILD_TYPE=RelWithDebInfo', '-DBUILD_TESTING=ON', '-DCMAKE_CXX_STANDARD=17']
[0.150s] DEBUG:colcon:Parsed command line arguments: Namespace(log_base=None, log_level=None, verb_name='build', build_base='build', install_base='install', merge_install=True, symlink_install=True, test_result_base=None, continue_on_error=False, executor='parallel', parallel_workers=16, event_handlers=None, ignore_user_meta=False, metas=['./colcon.meta'], base_paths=['.'], packages_ignore=None, packages_ignore_regex=None, paths=None, packages_up_to=None, packages_up_to_regex=None, packages_above=None, packages_above_and_dependencies=None, packages_above_depth=None, packages_select_by_dep=None, packages_skip_by_dep=None, packages_skip_up_to=None, packages_select_build_failed=False, packages_skip_build_finished=False, packages_select_test_failures=False, packages_skip_test_passed=False, packages_select=None, packages_skip=None, packages_select_regex=None, packages_skip_regex=None, packages_start=None, packages_end=None, cmake_args=['-DCMAKE_BUILD_TYPE=RelWithDebInfo', '-DBUILD_TESTING=ON', '-DCMAKE_CXX_STANDARD=17'], cmake_target=None, cmake_target_skip_unavailable=False, cmake_clean_cache=False, cmake_clean_first=False, cmake_force_configure=False, ament_cmake_args=None, catkin_cmake_args=None, catkin_skip_building_tests=False, mixin_files=None, mixin=None, verb_parser=<colcon_mixin.mixin.mixin_argument.MixinArgumentDecorator object at 0x72339cdd5690>, verb_extension=<colcon_core.verb.build.BuildVerb object at 0x72339cebed10>, main=<bound method BuildVerb.main of <colcon_core.verb.build.BuildVerb object at 0x72339cebed10>>, mixin_verb=('build',))
[0.470s] Level 1:colcon.colcon_core.package_discovery:discover_packages(colcon_meta) check parameters
[0.471s] Level 1:colcon.colcon_core.package_discovery:discover_packages(recursive) check parameters
[0.471s] Level 1:colcon.colcon_core.package_discovery:discover_packages(ignore) check parameters
[0.471s] Level 1:colcon.colcon_core.package_discovery:discover_packages(path) check parameters
[0.471s] Level 1:colcon.colcon_core.package_discovery:discover_packages(colcon_meta) discover
[0.471s] Level 1:colcon.colcon_core.package_discovery:discover_packages(recursive) discover
[0.471s] INFO:colcon.colcon_core.package_discovery:Crawling recursively for packages in '/home/blueboat_sitl/gz_ws'
[0.471s] Level 1:colcon.colcon_core.package_identification:_identify(.) by extensions ['ignore', 'ignore_ament_install']
[0.471s] Level 1:colcon.colcon_core.package_identification:_identify(.) by extension 'ignore'
[0.471s] Level 1:colcon.colcon_core.package_identification:_identify(.) by extension 'ignore_ament_install'
[0.472s] Level 1:colcon.colcon_core.package_identification:_identify(.) by extensions ['colcon_pkg']
[0.472s] Level 1:colcon.colcon_core.package_identification:_identify(.) by extension 'colcon_pkg'
[0.472s] Level 1:colcon.colcon_core.package_identification:_identify(.) by extensions ['colcon_meta']
[0.472s] Level 1:colcon.colcon_core.package_identification:_identify(.) by extension 'colcon_meta'
[0.472s] Level 1:colcon.colcon_core.package_identification:_identify(.) by extensions ['ros']
[0.472s] Level 1:colcon.colcon_core.package_identification:_identify(.) by extension 'ros'
[0.512s] Level 1:colcon.colcon_core.package_identification:_identify(.) by extensions ['cmake', 'python']
[0.512s] Level 1:colcon.colcon_core.package_identification:_identify(.) by extension 'cmake'
[0.512s] Level 1:colcon.colcon_core.package_identification:_identify(.) by extension 'python'
[0.512s] Level 1:colcon.colcon_core.package_identification:_identify(.) by extensions ['python_setup_py']
[0.512s] Level 1:colcon.colcon_core.package_identification:_identify(.) by extension 'python_setup_py'
[0.512s] Level 1:colcon.colcon_core.package_identification:_identify(build) by extensions ['ignore', 'ignore_ament_install']
[0.512s] Level 1:colcon.colcon_core.package_identification:_identify(build) by extension 'ignore'
[0.512s] Level 1:colcon.colcon_core.package_identification:_identify(build) ignored
[0.512s] Level 1:colcon.colcon_core.package_identification:_identify(extras_interface) by extensions ['ignore', 'ignore_ament_install']
[0.512s] Level 1:colcon.colcon_core.package_identification:_identify(extras_interface) by extension 'ignore'
[0.512s] Level 1:colcon.colcon_core.package_identification:_identify(extras_interface) by extension 'ignore_ament_install'
[0.512s] Level 1:colcon.colcon_core.package_identification:_identify(extras_interface) by extensions ['colcon_pkg']
[0.512s] Level 1:colcon.colcon_core.package_identification:_identify(extras_interface) by extension 'colcon_pkg'
[0.512s] Level 1:colcon.colcon_core.package_identification:_identify(extras_interface) by extensions ['colcon_meta']
[0.512s] Level 1:colcon.colcon_core.package_identification:_identify(extras_interface) by extension 'colcon_meta'
[0.512s] Level 1:colcon.colcon_core.package_identification:_identify(extras_interface) by extensions ['ros']
[0.512s] Level 1:colcon.colcon_core.package_identification:_identify(extras_interface) by extension 'ros'
[0.512s] Level 1:colcon.colcon_core.package_identification:_identify(extras_interface) by extensions ['cmake', 'python']
[0.513s] Level 1:colcon.colcon_core.package_identification:_identify(extras_interface) by extension 'cmake'
[0.513s] Level 1:colcon.colcon_core.package_identification:_identify(extras_interface) by extension 'python'
[0.513s] Level 1:colcon.colcon_core.package_identification:_identify(extras_interface) by extensions ['python_setup_py']
[0.513s] Level 1:colcon.colcon_core.package_identification:_identify(extras_interface) by extension 'python_setup_py'
[0.513s] Level 1:colcon.colcon_core.package_identification:_identify(install) by extensions ['ignore', 'ignore_ament_install']
[0.513s] Level 1:colcon.colcon_core.package_identification:_identify(install) by extension 'ignore'
[0.513s] Level 1:colcon.colcon_core.package_identification:_identify(install) ignored
[0.513s] Level 1:colcon.colcon_core.package_identification:_identify(log) by extensions ['ignore', 'ignore_ament_install']
[0.513s] Level 1:colcon.colcon_core.package_identification:_identify(log) by extension 'ignore'
[0.513s] Level 1:colcon.colcon_core.package_identification:_identify(log) ignored
[0.513s] Level 1:colcon.colcon_core.package_identification:_identify(src) by extensions ['ignore', 'ignore_ament_install']
[0.513s] Level 1:colcon.colcon_core.package_identification:_identify(src) by extension 'ignore'
[0.513s] Level 1:colcon.colcon_core.package_identification:_identify(src) by extension 'ignore_ament_install'
[0.513s] Level 1:colcon.colcon_core.package_identification:_identify(src) by extensions ['colcon_pkg']
[0.513s] Level 1:colcon.colcon_core.package_identification:_identify(src) by extension 'colcon_pkg'
[0.513s] Level 1:colcon.colcon_core.package_identification:_identify(src) by extensions ['colcon_meta']
[0.513s] Level 1:colcon.colcon_core.package_identification:_identify(src) by extension 'colcon_meta'
[0.513s] Level 1:colcon.colcon_core.package_identification:_identify(src) by extensions ['ros']
[0.513s] Level 1:colcon.colcon_core.package_identification:_identify(src) by extension 'ros'
[0.513s] Level 1:colcon.colcon_core.package_identification:_identify(src) by extensions ['cmake', 'python']
[0.513s] Level 1:colcon.colcon_core.package_identification:_identify(src) by extension 'cmake'
[0.513s] Level 1:colcon.colcon_core.package_identification:_identify(src) by extension 'python'
[0.513s] Level 1:colcon.colcon_core.package_identification:_identify(src) by extensions ['python_setup_py']
[0.513s] Level 1:colcon.colcon_core.package_identification:_identify(src) by extension 'python_setup_py'
[0.513s] Level 1:colcon.colcon_core.package_identification:_identify(src/asv_wave_sim) by extensions ['ignore', 'ignore_ament_install']
[0.513s] Level 1:colcon.colcon_core.package_identification:_identify(src/asv_wave_sim) by extension 'ignore'
[0.513s] Level 1:colcon.colcon_core.package_identification:_identify(src/asv_wave_sim) by extension 'ignore_ament_install'
[0.513s] Level 1:colcon.colcon_core.package_identification:_identify(src/asv_wave_sim) by extensions ['colcon_pkg']
[0.513s] Level 1:colcon.colcon_core.package_identification:_identify(src/asv_wave_sim) by extension 'colcon_pkg'
[0.513s] Level 1:colcon.colcon_core.package_identification:_identify(src/asv_wave_sim) by extensions ['colcon_meta']
[0.513s] Level 1:colcon.colcon_core.package_identification:_identify(src/asv_wave_sim) by extension 'colcon_meta'
[0.513s] Level 1:colcon.colcon_core.package_identification:_identify(src/asv_wave_sim) by extensions ['ros']
[0.513s] Level 1:colcon.colcon_core.package_identification:_identify(src/asv_wave_sim) by extension 'ros'
[0.513s] Level 1:colcon.colcon_core.package_identification:_identify(src/asv_wave_sim) by extensions ['cmake', 'python']
[0.513s] Level 1:colcon.colcon_core.package_identification:_identify(src/asv_wave_sim) by extension 'cmake'
[0.514s] Level 1:colcon.colcon_core.package_identification:_identify(src/asv_wave_sim) by extension 'python'
[0.514s] Level 1:colcon.colcon_core.package_identification:_identify(src/asv_wave_sim) by extensions ['python_setup_py']
[0.514s] Level 1:colcon.colcon_core.package_identification:_identify(src/asv_wave_sim) by extension 'python_setup_py'
[0.514s] Level 1:colcon.colcon_core.package_identification:_identify(src/asv_wave_sim/doc) by extensions ['ignore', 'ignore_ament_install']
[0.514s] Level 1:colcon.colcon_core.package_identification:_identify(src/asv_wave_sim/doc) by extension 'ignore'
[0.514s] Level 1:colcon.colcon_core.package_identification:_identify(src/asv_wave_sim/doc) by extension 'ignore_ament_install'
[0.514s] Level 1:colcon.colcon_core.package_identification:_identify(src/asv_wave_sim/doc) by extensions ['colcon_pkg']
[0.514s] Level 1:colcon.colcon_core.package_identification:_identify(src/asv_wave_sim/doc) by extension 'colcon_pkg'
[0.514s] Level 1:colcon.colcon_core.package_identification:_identify(src/asv_wave_sim/doc) by extensions ['colcon_meta']
[0.514s] Level 1:colcon.colcon_core.package_identification:_identify(src/asv_wave_sim/doc) by extension 'colcon_meta'
[0.514s] Level 1:colcon.colcon_core.package_identification:_identify(src/asv_wave_sim/doc) by extensions ['ros']
[0.514s] Level 1:colcon.colcon_core.package_identification:_identify(src/asv_wave_sim/doc) by extension 'ros'
[0.514s] Level 1:colcon.colcon_core.package_identification:_identify(src/asv_wave_sim/doc) by extensions ['cmake', 'python']
[0.514s] Level 1:colcon.colcon_core.package_identification:_identify(src/asv_wave_sim/doc) by extension 'cmake'
[0.514s] Level 1:colcon.colcon_core.package_identification:_identify(src/asv_wave_sim/doc) by extension 'python'
[0.514s] Level 1:colcon.colcon_core.package_identification:_identify(src/asv_wave_sim/doc) by extensions ['python_setup_py']
[0.514s] Level 1:colcon.colcon_core.package_identification:_identify(src/asv_wave_sim/doc) by extension 'python_setup_py'
[0.514s] Level 1:colcon.colcon_core.package_identification:_identify(src/asv_wave_sim/doc/uml) by extensions ['ignore', 'ignore_ament_install']
[0.514s] Level 1:colcon.colcon_core.package_identification:_identify(src/asv_wave_sim/doc/uml) by extension 'ignore'
[0.514s] Level 1:colcon.colcon_core.package_identification:_identify(src/asv_wave_sim/doc/uml) by extension 'ignore_ament_install'
[0.514s] Level 1:colcon.colcon_core.package_identification:_identify(src/asv_wave_sim/doc/uml) by extensions ['colcon_pkg']
[0.514s] Level 1:colcon.colcon_core.package_identification:_identify(src/asv_wave_sim/doc/uml) by extension 'colcon_pkg'
[0.514s] Level 1:colcon.colcon_core.package_identification:_identify(src/asv_wave_sim/doc/uml) by extensions ['colcon_meta']
[0.514s] Level 1:colcon.colcon_core.package_identification:_identify(src/asv_wave_sim/doc/uml) by extension 'colcon_meta'
[0.514s] Level 1:colcon.colcon_core.package_identification:_identify(src/asv_wave_sim/doc/uml) by extensions ['ros']
[0.514s] Level 1:colcon.colcon_core.package_identification:_identify(src/asv_wave_sim/doc/uml) by extension 'ros'
[0.514s] Level 1:colcon.colcon_core.package_identification:_identify(src/asv_wave_sim/doc/uml) by extensions ['cmake', 'python']
[0.514s] Level 1:colcon.colcon_core.package_identification:_identify(src/asv_wave_sim/doc/uml) by extension 'cmake'
[0.514s] Level 1:colcon.colcon_core.package_identification:_identify(src/asv_wave_sim/doc/uml) by extension 'python'
[0.514s] Level 1:colcon.colcon_core.package_identification:_identify(src/asv_wave_sim/doc/uml) by extensions ['python_setup_py']
[0.514s] Level 1:colcon.colcon_core.package_identification:_identify(src/asv_wave_sim/doc/uml) by extension 'python_setup_py'
[0.514s] Level 1:colcon.colcon_core.package_identification:_identify(src/asv_wave_sim/gz-waves) by extensions ['ignore', 'ignore_ament_install']
[0.514s] Level 1:colcon.colcon_core.package_identification:_identify(src/asv_wave_sim/gz-waves) by extension 'ignore'
[0.514s] Level 1:colcon.colcon_core.package_identification:_identify(src/asv_wave_sim/gz-waves) by extension 'ignore_ament_install'
[0.514s] Level 1:colcon.colcon_core.package_identification:_identify(src/asv_wave_sim/gz-waves) by extensions ['colcon_pkg']
[0.514s] Level 1:colcon.colcon_core.package_identification:_identify(src/asv_wave_sim/gz-waves) by extension 'colcon_pkg'
[0.514s] Level 1:colcon.colcon_core.package_identification:_identify(src/asv_wave_sim/gz-waves) by extensions ['colcon_meta']
[0.514s] Level 1:colcon.colcon_core.package_identification:_identify(src/asv_wave_sim/gz-waves) by extension 'colcon_meta'
[0.514s] Level 1:colcon.colcon_core.package_identification:_identify(src/asv_wave_sim/gz-waves) by extensions ['ros']
[0.514s] Level 1:colcon.colcon_core.package_identification:_identify(src/asv_wave_sim/gz-waves) by extension 'ros'
[0.515s] Level 1:colcon.colcon_core.package_identification:_identify(src/asv_wave_sim/gz-waves) by extensions ['cmake', 'python']
[0.515s] Level 1:colcon.colcon_core.package_identification:_identify(src/asv_wave_sim/gz-waves) by extension 'cmake'
[0.529s] Level 1:colcon.colcon_core.package_identification:_identify(src/asv_wave_sim/gz-waves) by extension 'python'
[0.529s] DEBUG:colcon.colcon_core.package_identification:Package 'src/asv_wave_sim/gz-waves' with type 'cmake' and name 'gz-waves1'
[0.529s] Level 1:colcon.colcon_core.package_identification:_identify(src/asv_wave_sim/gz-waves-models) by extensions ['ignore', 'ignore_ament_install']
[0.529s] Level 1:colcon.colcon_core.package_identification:_identify(src/asv_wave_sim/gz-waves-models) by extension 'ignore'
[0.529s] Level 1:colcon.colcon_core.package_identification:_identify(src/asv_wave_sim/gz-waves-models) ignored
[0.529s] Level 1:colcon.colcon_core.package_identification:_identify(src/extras_boat) by extensions ['ignore', 'ignore_ament_install']
[0.529s] Level 1:colcon.colcon_core.package_identification:_identify(src/extras_boat) by extension 'ignore'
[0.529s] Level 1:colcon.colcon_core.package_identification:_identify(src/extras_boat) by extension 'ignore_ament_install'
[0.529s] Level 1:colcon.colcon_core.package_identification:_identify(src/extras_boat) by extensions ['colcon_pkg']
[0.529s] Level 1:colcon.colcon_core.package_identification:_identify(src/extras_boat) by extension 'colcon_pkg'
[0.529s] Level 1:colcon.colcon_core.package_identification:_identify(src/extras_boat) by extensions ['colcon_meta']
[0.529s] Level 1:colcon.colcon_core.package_identification:_identify(src/extras_boat) by extension 'colcon_meta'
[0.529s] Level 1:colcon.colcon_core.package_identification:_identify(src/extras_boat) by extensions ['ros']
[0.529s] Level 1:colcon.colcon_core.package_identification:_identify(src/extras_boat) by extension 'ros'
[0.529s] Level 1:colcon.colcon_core.package_identification:_identify(src/extras_boat) by extensions ['cmake', 'python']
[0.529s] Level 1:colcon.colcon_core.package_identification:_identify(src/extras_boat) by extension 'cmake'
[0.529s] Level 1:colcon.colcon_core.package_identification:_identify(src/extras_boat) by extension 'python'
[0.529s] Level 1:colcon.colcon_core.package_identification:_identify(src/extras_boat) by extensions ['python_setup_py']
[0.529s] Level 1:colcon.colcon_core.package_identification:_identify(src/extras_boat) by extension 'python_setup_py'
[0.529s] Level 1:colcon.colcon_core.package_identification:_identify(src/move_blueboat) by extensions ['ignore', 'ignore_ament_install']
[0.529s] Level 1:colcon.colcon_core.package_identification:_identify(src/move_blueboat) by extension 'ignore'
[0.529s] Level 1:colcon.colcon_core.package_identification:_identify(src/move_blueboat) by extension 'ignore_ament_install'
[0.529s] Level 1:colcon.colcon_core.package_identification:_identify(src/move_blueboat) by extensions ['colcon_pkg']
[0.529s] Level 1:colcon.colcon_core.package_identification:_identify(src/move_blueboat) by extension 'colcon_pkg'
[0.529s] Level 1:colcon.colcon_core.package_identification:_identify(src/move_blueboat) by extensions ['colcon_meta']
[0.529s] Level 1:colcon.colcon_core.package_identification:_identify(src/move_blueboat) by extension 'colcon_meta'
[0.529s] Level 1:colcon.colcon_core.package_identification:_identify(src/move_blueboat) by extensions ['ros']
[0.529s] Level 1:colcon.colcon_core.package_identification:_identify(src/move_blueboat) by extension 'ros'
[0.533s] DEBUG:colcon.colcon_core.package_identification:Package 'src/move_blueboat' with type 'ros.ament_python' and name 'move_blueboat'
[0.533s] Level 1:colcon.colcon_core.package_discovery:discover_packages(recursive) using defaults
[0.533s] Level 1:colcon.colcon_core.package_discovery:discover_packages(ignore) discover
[0.533s] Level 1:colcon.colcon_core.package_discovery:discover_packages(ignore) using defaults
[0.533s] Level 1:colcon.colcon_core.package_discovery:discover_packages(path) discover
[0.533s] Level 1:colcon.colcon_core.package_discovery:discover_packages(path) using defaults
[0.556s] Level 5:colcon.colcon_core.verb:set package 'gz-waves1' build argument 'cmake_args' from command line to '['-DCMAKE_BUILD_TYPE=RelWithDebInfo', '-DBUILD_TESTING=ON', '-DCMAKE_CXX_STANDARD=17']'
[0.556s] Level 5:colcon.colcon_core.verb:set package 'gz-waves1' build argument 'cmake_target' from command line to 'None'
[0.556s] Level 5:colcon.colcon_core.verb:set package 'gz-waves1' build argument 'cmake_target_skip_unavailable' from command line to 'False'
[0.556s] Level 5:colcon.colcon_core.verb:set package 'gz-waves1' build argument 'cmake_clean_cache' from command line to 'False'
[0.556s] Level 5:colcon.colcon_core.verb:set package 'gz-waves1' build argument 'cmake_clean_first' from command line to 'False'
[0.556s] Level 5:colcon.colcon_core.verb:set package 'gz-waves1' build argument 'cmake_force_configure' from command line to 'False'
[0.556s] Level 5:colcon.colcon_core.verb:set package 'gz-waves1' build argument 'ament_cmake_args' from command line to 'None'
[0.556s] Level 5:colcon.colcon_core.verb:set package 'gz-waves1' build argument 'catkin_cmake_args' from command line to 'None'
[0.556s] Level 5:colcon.colcon_core.verb:set package 'gz-waves1' build argument 'catkin_skip_building_tests' from command line to 'False'
[0.556s] DEBUG:colcon.colcon_core.verb:Building package 'gz-waves1' with the following arguments: {'ament_cmake_args': None, 'build_base': '/home/blueboat_sitl/gz_ws/build/gz-waves1', 'catkin_cmake_args': None, 'catkin_skip_building_tests': False, 'cmake_args': ['-DCMAKE_BUILD_TYPE=RelWithDebInfo', '-DBUILD_TESTING=ON', '-DCMAKE_CXX_STANDARD=17'], 'cmake_clean_cache': False, 'cmake_clean_first': False, 'cmake_force_configure': False, 'cmake_target': None, 'cmake_target_skip_unavailable': False, 'install_base': '/home/blueboat_sitl/gz_ws/install', 'merge_install': True, 'path': '/home/blueboat_sitl/gz_ws/src/asv_wave_sim/gz-waves', 'symlink_install': True, 'test_result_base': None}
[0.556s] Level 5:colcon.colcon_core.verb:set package 'move_blueboat' build argument 'cmake_args' from command line to '['-DCMAKE_BUILD_TYPE=RelWithDebInfo', '-DBUILD_TESTING=ON', '-DCMAKE_CXX_STANDARD=17']'
[0.556s] Level 5:colcon.colcon_core.verb:set package 'move_blueboat' build argument 'cmake_target' from command line to 'None'
[0.556s] Level 5:colcon.colcon_core.verb:set package 'move_blueboat' build argument 'cmake_target_skip_unavailable' from command line to 'False'
[0.556s] Level 5:colcon.colcon_core.verb:set package 'move_blueboat' build argument 'cmake_clean_cache' from command line to 'False'
[0.556s] Level 5:colcon.colcon_core.verb:set package 'move_blueboat' build argument 'cmake_clean_first' from command line to 'False'
[0.556s] Level 5:colcon.colcon_core.verb:set package 'move_blueboat' build argument 'cmake_force_configure' from command line to 'False'
[0.556s] Level 5:colcon.colcon_core.verb:set package 'move_blueboat' build argument 'ament_cmake_args' from command line to 'None'
[0.556s] Level 5:colcon.colcon_core.verb:set package 'move_blueboat' build argument 'catkin_cmake_args' from command line to 'None'
[0.556s] Level 5:colcon.colcon_core.verb:set package 'move_blueboat' build argument 'catkin_skip_building_tests' from command line to 'False'
[0.556s] DEBUG:colcon.colcon_core.verb:Building package 'move_blueboat' with the following arguments: {'ament_cmake_args': None, 'build_base': '/home/blueboat_sitl/gz_ws/build/move_blueboat', 'catkin_cmake_args': None, 'catkin_skip_building_tests': False, 'cmake_args': ['-DCMAKE_BUILD_TYPE=RelWithDebInfo', '-DBUILD_TESTING=ON', '-DCMAKE_CXX_STANDARD=17'], 'cmake_clean_cache': False, 'cmake_clean_first': False, 'cmake_force_configure': False, 'cmake_target': None, 'cmake_target_skip_unavailable': False, 'install_base': '/home/blueboat_sitl/gz_ws/install', 'merge_install': True, 'path': '/home/blueboat_sitl/gz_ws/src/move_blueboat', 'symlink_install': True, 'test_result_base': None}
[0.556s] INFO:colcon.colcon_core.executor:Executing jobs using 'parallel' executor
[0.557s] DEBUG:colcon.colcon_parallel_executor.executor.parallel:run_until_complete
[0.557s] INFO:colcon.colcon_cmake.task.cmake.build:Building CMake package in '/home/blueboat_sitl/gz_ws/src/asv_wave_sim/gz-waves'
[0.562s] INFO:colcon.colcon_core.plugin_system:Skipping extension 'colcon_core.shell.bat': Not used on non-Windows systems
[0.562s] INFO:colcon.colcon_core.shell:Skip shell extension 'powershell' for command environment: Not usable outside of PowerShell
[0.562s] DEBUG:colcon.colcon_core.shell:Skip shell extension 'dsv' for command environment
[0.575s] INFO:colcon.colcon_ros.task.ament_python.build:Building ROS package in '/home/blueboat_sitl/gz_ws/src/move_blueboat' with build type 'ament_python'
[0.575s] Level 1:colcon.colcon_core.shell:create_environment_hook('move_blueboat', 'ament_prefix_path')
[0.576s] INFO:colcon.colcon_core.shell:Creating environment hook '/home/blueboat_sitl/gz_ws/install/share/move_blueboat/hook/ament_prefix_path.ps1'
[0.577s] INFO:colcon.colcon_core.shell:Creating environment descriptor '/home/blueboat_sitl/gz_ws/install/share/move_blueboat/hook/ament_prefix_path.dsv'
[0.577s] INFO:colcon.colcon_core.shell:Creating environment hook '/home/blueboat_sitl/gz_ws/install/share/move_blueboat/hook/ament_prefix_path.sh'
[0.578s] INFO:colcon.colcon_core.shell:Skip shell extension 'powershell' for command environment: Not usable outside of PowerShell
[0.578s] DEBUG:colcon.colcon_core.shell:Skip shell extension 'dsv' for command environment
[0.586s] DEBUG:colcon.colcon_core.event_handler.log_command:Invoking command in '/home/blueboat_sitl/gz_ws/build/gz-waves1': /usr/bin/cmake --build /home/blueboat_sitl/gz_ws/build/gz-waves1 -- -j16 -l16
[0.802s] INFO:colcon.colcon_core.task.python.build:Building Python package in '/home/blueboat_sitl/gz_ws/src/move_blueboat'
[0.802s] INFO:colcon.colcon_core.shell:Skip shell extension 'powershell' for command environment: Not usable outside of PowerShell
[0.802s] DEBUG:colcon.colcon_core.shell:Skip shell extension 'dsv' for command environment
[1.061s] DEBUG:colcon.colcon_core.event_handler.log_command:Invoked command in '/home/blueboat_sitl/gz_ws/build/gz-waves1' returned '0': /usr/bin/cmake --build /home/blueboat_sitl/gz_ws/build/gz-waves1 -- -j16 -l16
[1.072s] DEBUG:colcon.colcon_core.event_handler.log_command:Invoking command in '/home/blueboat_sitl/gz_ws/build/gz-waves1': /usr/bin/cmake --install /home/blueboat_sitl/gz_ws/build/gz-waves1
[1.099s] Level 1:colcon.colcon_core.environment:create_environment_scripts_only(gz-waves1)
[1.099s] DEBUG:colcon.colcon_core.event_handler.log_command:Invoked command in '/home/blueboat_sitl/gz_ws/build/gz-waves1' returned '0': /usr/bin/cmake --install /home/blueboat_sitl/gz_ws/build/gz-waves1
[1.112s] Level 1:colcon.colcon_core.environment:checking '/home/blueboat_sitl/gz_ws/install' for CMake module files
[1.112s] Level 1:colcon.colcon_core.environment:checking '/home/blueboat_sitl/gz_ws/install' for CMake config files
[1.113s] Level 1:colcon.colcon_core.shell:create_environment_hook('gz-waves1', 'cmake_prefix_path')
[1.113s] INFO:colcon.colcon_core.shell:Creating environment hook '/home/blueboat_sitl/gz_ws/install/share/gz-waves1/hook/cmake_prefix_path.ps1'
[1.113s] INFO:colcon.colcon_core.shell:Creating environment descriptor '/home/blueboat_sitl/gz_ws/install/share/gz-waves1/hook/cmake_prefix_path.dsv'
[1.114s] INFO:colcon.colcon_core.shell:Creating environment hook '/home/blueboat_sitl/gz_ws/install/share/gz-waves1/hook/cmake_prefix_path.sh'
[1.114s] Level 1:colcon.colcon_core.environment:checking '/home/blueboat_sitl/gz_ws/install/lib'
[1.114s] Level 1:colcon.colcon_core.shell:create_environment_hook('gz-waves1', 'ld_library_path_lib')
[1.115s] INFO:colcon.colcon_core.shell:Creating environment hook '/home/blueboat_sitl/gz_ws/install/share/gz-waves1/hook/ld_library_path_lib.ps1'
[1.115s] INFO:colcon.colcon_core.shell:Creating environment descriptor '/home/blueboat_sitl/gz_ws/install/share/gz-waves1/hook/ld_library_path_lib.dsv'
[1.115s] INFO:colcon.colcon_core.shell:Creating environment hook '/home/blueboat_sitl/gz_ws/install/share/gz-waves1/hook/ld_library_path_lib.sh'
[1.115s] Level 1:colcon.colcon_core.environment:checking '/home/blueboat_sitl/gz_ws/install/bin'
[1.115s] Level 1:colcon.colcon_core.shell:create_environment_hook('gz-waves1', 'path')
[1.116s] INFO:colcon.colcon_core.shell:Creating environment hook '/home/blueboat_sitl/gz_ws/install/share/gz-waves1/hook/path.ps1'
[1.116s] INFO:colcon.colcon_core.shell:Creating environment descriptor '/home/blueboat_sitl/gz_ws/install/share/gz-waves1/hook/path.dsv'
[1.116s] INFO:colcon.colcon_core.shell:Creating environment hook '/home/blueboat_sitl/gz_ws/install/share/gz-waves1/hook/path.sh'
[1.116s] Level 1:colcon.colcon_core.environment:checking '/home/blueboat_sitl/gz_ws/install/lib/pkgconfig/gz-waves1.pc'
[1.116s] Level 1:colcon.colcon_core.shell:create_environment_hook('gz-waves1', 'pkg_config')
[1.116s] INFO:colcon.colcon_core.shell:Creating environment hook '/home/blueboat_sitl/gz_ws/install/share/gz-waves1/hook/pkg_config.ps1'
[1.117s] INFO:colcon.colcon_core.shell:Creating environment descriptor '/home/blueboat_sitl/gz_ws/install/share/gz-waves1/hook/pkg_config.dsv'
[1.117s] INFO:colcon.colcon_core.shell:Creating environment hook '/home/blueboat_sitl/gz_ws/install/share/gz-waves1/hook/pkg_config.sh'
[1.117s] Level 1:colcon.colcon_core.environment:checking '/home/blueboat_sitl/gz_ws/install/lib/python3.10/site-packages'
[1.117s] Level 1:colcon.colcon_core.shell:create_environment_hook('gz-waves1', 'pythonpath')
[1.117s] INFO:colcon.colcon_core.shell:Creating environment hook '/home/blueboat_sitl/gz_ws/install/share/gz-waves1/hook/pythonpath.ps1'
[1.118s] INFO:colcon.colcon_core.shell:Creating environment descriptor '/home/blueboat_sitl/gz_ws/install/share/gz-waves1/hook/pythonpath.dsv'
[1.118s] INFO:colcon.colcon_core.shell:Creating environment hook '/home/blueboat_sitl/gz_ws/install/share/gz-waves1/hook/pythonpath.sh'
[1.118s] Level 1:colcon.colcon_core.environment:checking '/home/blueboat_sitl/gz_ws/install/bin'
[1.118s] Level 1:colcon.colcon_core.shell:create_environment_hook('gz-waves1', 'pythonscriptspath')
[1.118s] INFO:colcon.colcon_core.shell:Creating environment hook '/home/blueboat_sitl/gz_ws/install/share/gz-waves1/hook/pythonscriptspath.ps1'
[1.119s] INFO:colcon.colcon_core.shell:Creating environment descriptor '/home/blueboat_sitl/gz_ws/install/share/gz-waves1/hook/pythonscriptspath.dsv'
[1.119s] INFO:colcon.colcon_core.shell:Creating environment hook '/home/blueboat_sitl/gz_ws/install/share/gz-waves1/hook/pythonscriptspath.sh'
[1.119s] INFO:colcon.colcon_core.shell:Creating package script '/home/blueboat_sitl/gz_ws/install/share/gz-waves1/package.ps1'
[1.120s] INFO:colcon.colcon_core.shell:Creating package descriptor '/home/blueboat_sitl/gz_ws/install/share/gz-waves1/package.dsv'
[1.121s] INFO:colcon.colcon_core.shell:Creating package script '/home/blueboat_sitl/gz_ws/install/share/gz-waves1/package.sh'
[1.122s] INFO:colcon.colcon_core.shell:Creating package script '/home/blueboat_sitl/gz_ws/install/share/gz-waves1/package.bash'
[1.123s] INFO:colcon.colcon_core.shell:Creating package script '/home/blueboat_sitl/gz_ws/install/share/gz-waves1/package.zsh'
[1.124s] Level 1:colcon.colcon_core.environment:create_file_with_runtime_dependencies(/home/blueboat_sitl/gz_ws/install/share/colcon-core/packages/gz-waves1)
[1.139s] DEBUG:colcon.colcon_core.event_handler.log_command:Invoking command in '/home/blueboat_sitl/gz_ws/build/move_blueboat': PYTHONPATH=/home/blueboat_sitl/gz_ws/build/move_blueboat/prefix_override:/usr/lib/python3/dist-packages/colcon_core/task/python/colcon_distutils_commands:/home/blueboat_sitl/gz_ws/install/lib/python3.10/site-packages:${PYTHONPATH} /usr/bin/python3 -W ignore:setup.py install is deprecated -W ignore:easy_install command is deprecated setup.py develop --editable --build-directory /home/blueboat_sitl/gz_ws/build/move_blueboat/build --no-deps symlink_data
[1.409s] Level 1:colcon.colcon_core.shell:create_environment_hook('move_blueboat', 'pythonpath_develop')
[1.409s] INFO:colcon.colcon_core.shell:Creating environment hook '/home/blueboat_sitl/gz_ws/build/move_blueboat/share/move_blueboat/hook/pythonpath_develop.ps1'
[1.409s] DEBUG:colcon.colcon_core.event_handler.log_command:Invoked command in '/home/blueboat_sitl/gz_ws/build/move_blueboat' returned '0': PYTHONPATH=/home/blueboat_sitl/gz_ws/build/move_blueboat/prefix_override:/usr/lib/python3/dist-packages/colcon_core/task/python/colcon_distutils_commands:/home/blueboat_sitl/gz_ws/install/lib/python3.10/site-packages:${PYTHONPATH} /usr/bin/python3 -W ignore:setup.py install is deprecated -W ignore:easy_install command is deprecated setup.py develop --editable --build-directory /home/blueboat_sitl/gz_ws/build/move_blueboat/build --no-deps symlink_data
[1.410s] INFO:colcon.colcon_core.shell:Creating environment descriptor '/home/blueboat_sitl/gz_ws/build/move_blueboat/share/move_blueboat/hook/pythonpath_develop.dsv'
[1.410s] INFO:colcon.colcon_core.shell:Creating environment hook '/home/blueboat_sitl/gz_ws/build/move_blueboat/share/move_blueboat/hook/pythonpath_develop.sh'
[1.411s] Level 1:colcon.colcon_core.environment:checking '/home/blueboat_sitl/gz_ws/install' for CMake module files
[1.411s] Level 1:colcon.colcon_core.environment:checking '/home/blueboat_sitl/gz_ws/install' for CMake config files
[1.411s] Level 1:colcon.colcon_core.shell:create_environment_hook('move_blueboat', 'cmake_prefix_path')
[1.412s] INFO:colcon.colcon_core.shell:Creating environment hook '/home/blueboat_sitl/gz_ws/install/share/move_blueboat/hook/cmake_prefix_path.ps1'
[1.412s] INFO:colcon.colcon_core.shell:Creating environment descriptor '/home/blueboat_sitl/gz_ws/install/share/move_blueboat/hook/cmake_prefix_path.dsv'
[1.412s] INFO:colcon.colcon_core.shell:Creating environment hook '/home/blueboat_sitl/gz_ws/install/share/move_blueboat/hook/cmake_prefix_path.sh'
[1.412s] Level 1:colcon.colcon_core.environment:checking '/home/blueboat_sitl/gz_ws/install/lib'
[1.412s] Level 1:colcon.colcon_core.shell:create_environment_hook('move_blueboat', 'ld_library_path_lib')
[1.413s] INFO:colcon.colcon_core.shell:Creating environment hook '/home/blueboat_sitl/gz_ws/install/share/move_blueboat/hook/ld_library_path_lib.ps1'
[1.413s] INFO:colcon.colcon_core.shell:Creating environment descriptor '/home/blueboat_sitl/gz_ws/install/share/move_blueboat/hook/ld_library_path_lib.dsv'
[1.413s] INFO:colcon.colcon_core.shell:Creating environment hook '/home/blueboat_sitl/gz_ws/install/share/move_blueboat/hook/ld_library_path_lib.sh'
[1.413s] Level 1:colcon.colcon_core.environment:checking '/home/blueboat_sitl/gz_ws/install/bin'
[1.413s] Level 1:colcon.colcon_core.shell:create_environment_hook('move_blueboat', 'path')
[1.413s] INFO:colcon.colcon_core.shell:Creating environment hook '/home/blueboat_sitl/gz_ws/install/share/move_blueboat/hook/path.ps1'
[1.414s] INFO:colcon.colcon_core.shell:Creating environment descriptor '/home/blueboat_sitl/gz_ws/install/share/move_blueboat/hook/path.dsv'
[1.414s] INFO:colcon.colcon_core.shell:Creating environment hook '/home/blueboat_sitl/gz_ws/install/share/move_blueboat/hook/path.sh'
[1.414s] Level 1:colcon.colcon_core.environment:checking '/home/blueboat_sitl/gz_ws/install/lib/pkgconfig/move_blueboat.pc'
[1.414s] Level 1:colcon.colcon_core.environment:checking '/home/blueboat_sitl/gz_ws/install/lib/python3.10/site-packages'
[1.414s] Level 1:colcon.colcon_core.shell:create_environment_hook('move_blueboat', 'pythonpath')
[1.415s] INFO:colcon.colcon_core.shell:Creating environment hook '/home/blueboat_sitl/gz_ws/install/share/move_blueboat/hook/pythonpath.ps1'
[1.415s] INFO:colcon.colcon_core.shell:Creating environment descriptor '/home/blueboat_sitl/gz_ws/install/share/move_blueboat/hook/pythonpath.dsv'
[1.415s] INFO:colcon.colcon_core.shell:Creating environment hook '/home/blueboat_sitl/gz_ws/install/share/move_blueboat/hook/pythonpath.sh'
[1.415s] Level 1:colcon.colcon_core.environment:checking '/home/blueboat_sitl/gz_ws/install/bin'
[1.415s] Level 1:colcon.colcon_core.shell:create_environment_hook('move_blueboat', 'pythonscriptspath')
[1.416s] INFO:colcon.colcon_core.shell:Creating environment hook '/home/blueboat_sitl/gz_ws/install/share/move_blueboat/hook/pythonscriptspath.ps1'
[1.416s] INFO:colcon.colcon_core.shell:Creating environment descriptor '/home/blueboat_sitl/gz_ws/install/share/move_blueboat/hook/pythonscriptspath.dsv'
[1.416s] INFO:colcon.colcon_core.shell:Creating environment hook '/home/blueboat_sitl/gz_ws/install/share/move_blueboat/hook/pythonscriptspath.sh'
[1.416s] Level 1:colcon.colcon_core.environment:create_environment_scripts_only(move_blueboat)
[1.417s] INFO:colcon.colcon_core.shell:Creating package script '/home/blueboat_sitl/gz_ws/install/share/move_blueboat/package.ps1'
[1.417s] INFO:colcon.colcon_core.shell:Creating package descriptor '/home/blueboat_sitl/gz_ws/install/share/move_blueboat/package.dsv'
[1.417s] INFO:colcon.colcon_core.shell:Creating package script '/home/blueboat_sitl/gz_ws/install/share/move_blueboat/package.sh'
[1.418s] INFO:colcon.colcon_core.shell:Creating package script '/home/blueboat_sitl/gz_ws/install/share/move_blueboat/package.bash'
[1.418s] INFO:colcon.colcon_core.shell:Creating package script '/home/blueboat_sitl/gz_ws/install/share/move_blueboat/package.zsh'
[1.418s] Level 1:colcon.colcon_core.environment:create_file_with_runtime_dependencies(/home/blueboat_sitl/gz_ws/install/share/colcon-core/packages/move_blueboat)
[1.418s] DEBUG:colcon.colcon_parallel_executor.executor.parallel:closing loop
[1.418s] DEBUG:colcon.colcon_parallel_executor.executor.parallel:loop closed
[1.418s] DEBUG:colcon.colcon_parallel_executor.executor.parallel:run_until_complete finished with '0'
[1.419s] DEBUG:colcon.colcon_core.event_reactor:joining thread
[1.427s] INFO:colcon.colcon_core.plugin_system:Skipping extension 'colcon_notification.desktop_notification.notify_send': Could not find 'notify-send'
[1.428s] INFO:colcon.colcon_core.plugin_system:Skipping extension 'colcon_notification.desktop_notification.terminal_notifier': Not used on non-Darwin systems
[1.428s] INFO:colcon.colcon_core.plugin_system:Skipping extension 'colcon_notification.desktop_notification.win32': Not used on non-Windows systems
[1.428s] INFO:colcon.colcon_notification.desktop_notification:Sending desktop notification using 'notify2'
[1.430s] DEBUG:colcon.colcon_notification.desktop_notification.notify2:Failed to initialize notify2: org.freedesktop.DBus.Error.Spawn.ExecFailed: /usr/bin/dbus-launch terminated abnormally without any error message
[1.430s] DEBUG:colcon.colcon_core.event_reactor:joined thread
[1.430s] INFO:colcon.colcon_core.shell:Creating prefix script '/home/blueboat_sitl/gz_ws/install/local_setup.ps1'
[1.433s] INFO:colcon.colcon_core.shell:Creating prefix util module '/home/blueboat_sitl/gz_ws/install/_local_setup_util_ps1.py'
[1.437s] INFO:colcon.colcon_core.shell:Creating prefix chain script '/home/blueboat_sitl/gz_ws/install/setup.ps1'
[1.439s] INFO:colcon.colcon_core.shell:Creating prefix script '/home/blueboat_sitl/gz_ws/install/local_setup.sh'
[1.439s] INFO:colcon.colcon_core.shell:Creating prefix util module '/home/blueboat_sitl/gz_ws/install/_local_setup_util_sh.py'
[1.440s] INFO:colcon.colcon_core.shell:Creating prefix chain script '/home/blueboat_sitl/gz_ws/install/setup.sh'
[1.441s] INFO:colcon.colcon_core.shell:Creating prefix script '/home/blueboat_sitl/gz_ws/install/local_setup.bash'
[1.442s] INFO:colcon.colcon_core.shell:Creating prefix chain script '/home/blueboat_sitl/gz_ws/install/setup.bash'
[1.443s] INFO:colcon.colcon_core.shell:Creating prefix script '/home/blueboat_sitl/gz_ws/install/local_setup.zsh'
[1.446s] INFO:colcon.colcon_core.shell:Creating prefix chain script '/home/blueboat_sitl/gz_ws/install/setup.zsh'
